Performing C SOURCE FILE Test CMAKE_HAVE_LIBC_PTHREAD failed with the following output:
Change Dir: /home/marcoscapistrano/Documents/Ausyx/fmw-torrador/build/CMakeFiles/CMakeTmp

Run Build Command(s):/usr/bin/ninja cmTC_0e4a2 && [1/2] Building C object CMakeFiles/cmTC_0e4a2.dir/src.c.obj
[2/2] Linking C executable cmTC_0e4a2
FAILED: cmTC_0e4a2 
: && /home/marcoscapistrano/.espressif/tools/xtensa-esp32-elf/esp-2021r2-patch3-8.4.0/xtensa-esp32-elf/bin/xtensa-esp32-elf-gcc -fno-strict-aliasing -Werror=implicit-function-declaration -Werror=pointer-arith -mlongcalls -Wno-frame-address -DCMAKE_HAVE_LIBC_PTHREAD   CMakeFiles/cmTC_0e4a2.dir/src.c.obj  -o cmTC_0e4a2   && :
/home/marcoscapistrano/.espressif/tools/xtensa-esp32-elf/esp-2021r2-patch3-8.4.0/xtensa-esp32-elf/bin/../lib/gcc/xtensa-esp32-elf/8.4.0/../../../../xtensa-esp32-elf/bin/ld: CMakeFiles/cmTC_0e4a2.dir/src.c.obj:(.literal+0x4): undefined reference to `pthread_create'
/home/marcoscapistrano/.espressif/tools/xtensa-esp32-elf/esp-2021r2-patch3-8.4.0/xtensa-esp32-elf/bin/../lib/gcc/xtensa-esp32-elf/8.4.0/../../../../xtensa-esp32-elf/bin/ld: CMakeFiles/cmTC_0e4a2.dir/src.c.obj:(.literal+0x8): undefined reference to `pthread_detach'
/home/marcoscapistrano/.espressif/tools/xtensa-esp32-elf/esp-2021r2-patch3-8.4.0/xtensa-esp32-elf/bin/../lib/gcc/xtensa-esp32-elf/8.4.0/../../../../xtensa-esp32-elf/bin/ld: CMakeFiles/cmTC_0e4a2.dir/src.c.obj:(.literal+0xc): undefined reference to `pthread_join'
/home/marcoscapistrano/.espressif/tools/xtensa-esp32-elf/esp-2021r2-patch3-8.4.0/xtensa-esp32-elf/bin/../lib/gcc/xtensa-esp32-elf/8.4.0/../../../../xtensa-esp32-elf/bin/ld: CMakeFiles/cmTC_0e4a2.dir/src.c.obj:(.literal+0x10): undefined reference to `pthread_atfork'
/home/marcoscapistrano/.espressif/tools/xtensa-esp32-elf/esp-2021r2-patch3-8.4.0/xtensa-esp32-elf/bin/../lib/gcc/xtensa-esp32-elf/8.4.0/../../../../xtensa-esp32-elf/bin/ld: CMakeFiles/cmTC_0e4a2.dir/src.c.obj:(.literal+0x14): undefined reference to `pthread_exit'
/home/marcoscapistrano/.espressif/tools/xtensa-esp32-elf/esp-2021r2-patch3-8.4.0/xtensa-esp32-elf/bin/../lib/gcc/xtensa-esp32-elf/8.4.0/../../../../xtensa-esp32-elf/bin/ld: CMakeFiles/cmTC_0e4a2.dir/src.c.obj: in function `main':
src.c:(.text+0x1c): undefined reference to `pthread_create'
/home/marcoscapistrano/.espressif/tools/xtensa-esp32-elf/esp-2021r2-patch3-8.4.0/xtensa-esp32-elf/bin/../lib/gcc/xtensa-esp32-elf/8.4.0/../../../../xtensa-esp32-elf/bin/ld: src.c:(.text+0x26): undefined reference to `pthread_detach'
/home/marcoscapistrano/.espressif/tools/xtensa-esp32-elf/esp-2021r2-patch3-8.4.0/xtensa-esp32-elf/bin/../lib/gcc/xtensa-esp32-elf/8.4.0/../../../../xtensa-esp32-elf/bin/ld: src.c:(.text+0x32): undefined reference to `pthread_join'
/home/marcoscapistrano/.espressif/tools/xtensa-esp32-elf/esp-2021r2-patch3-8.4.0/xtensa-esp32-elf/bin/../lib/gcc/xtensa-esp32-elf/8.4.0/../../../../xtensa-esp32-elf/bin/ld: src.c:(.text+0x3e): undefined reference to `pthread_atfork'
/home/marcoscapistrano/.espressif/tools/xtensa-esp32-elf/esp-2021r2-patch3-8.4.0/xtensa-esp32-elf/bin/../lib/gcc/xtensa-esp32-elf/8.4.0/../../../../xtensa-esp32-elf/bin/ld: src.c:(.text+0x46): undefined reference to `pthread_exit'
collect2: error: ld returned 1 exit status
ninja: build stopped: subcommand failed.


Source file was:
#include <pthread.h>

void* test_func(void* data)
{
  return data;
}

int main(void)
{
  pthread_t thread;
  pthread_create(&thread, NULL, test_func, NULL);
  pthread_detach(thread);
  pthread_join(thread, NULL);
  pthread_atfork(NULL, NULL, NULL);
  pthread_exit(NULL);

  return 0;
}

Determining if the function pthread_create exists in the pthreads failed with the following output:
Change Dir: /home/marcoscapistrano/Documents/Ausyx/fmw-torrador/build/CMakeFiles/CMakeTmp

Run Build Command(s):/usr/bin/ninja cmTC_6e42d && [1/2] Building C object CMakeFiles/cmTC_6e42d.dir/CheckFunctionExists.c.obj
[2/2] Linking C executable cmTC_6e42d
FAILED: cmTC_6e42d 
: && /home/marcoscapistrano/.espressif/tools/xtensa-esp32-elf/esp-2021r2-patch3-8.4.0/xtensa-esp32-elf/bin/xtensa-esp32-elf-gcc -fno-strict-aliasing -Werror=implicit-function-declaration -Werror=pointer-arith -mlongcalls -Wno-frame-address -DCHECK_FUNCTION_EXISTS=pthread_create   CMakeFiles/cmTC_6e42d.dir/CheckFunctionExists.c.obj  -o cmTC_6e42d  -lpthreads && :
/home/marcoscapistrano/.espressif/tools/xtensa-esp32-elf/esp-2021r2-patch3-8.4.0/xtensa-esp32-elf/bin/../lib/gcc/xtensa-esp32-elf/8.4.0/../../../../xtensa-esp32-elf/bin/ld: cannot find -lpthreads
collect2: error: ld returned 1 exit status
ninja: build stopped: subcommand failed.



Determining if the function pthread_create exists in the pthread failed with the following output:
Change Dir: /home/marcoscapistrano/Documents/Ausyx/fmw-torrador/build/CMakeFiles/CMakeTmp

Run Build Command(s):/usr/bin/ninja cmTC_3a2b4 && [1/2] Building C object CMakeFiles/cmTC_3a2b4.dir/CheckFunctionExists.c.obj
[2/2] Linking C executable cmTC_3a2b4
FAILED: cmTC_3a2b4 
: && /home/marcoscapistrano/.espressif/tools/xtensa-esp32-elf/esp-2021r2-patch3-8.4.0/xtensa-esp32-elf/bin/xtensa-esp32-elf-gcc -fno-strict-aliasing -Werror=implicit-function-declaration -Werror=pointer-arith -mlongcalls -Wno-frame-address -DCHECK_FUNCTION_EXISTS=pthread_create   CMakeFiles/cmTC_3a2b4.dir/CheckFunctionExists.c.obj  -o cmTC_3a2b4  -lpthread && :
/home/marcoscapistrano/.espressif/tools/xtensa-esp32-elf/esp-2021r2-patch3-8.4.0/xtensa-esp32-elf/bin/../lib/gcc/xtensa-esp32-elf/8.4.0/../../../../xtensa-esp32-elf/bin/ld: cannot find -lpthread
collect2: error: ld returned 1 exit status
ninja: build stopped: subcommand failed.



Determining if compiler accepts -pthread failed with the following output:
Change Dir: /home/marcoscapistrano/Documents/Ausyx/fmw-torrador/build/CMakeFiles/CMakeTmp

Run Build Command(s):/usr/bin/ninja cmTC_ee886 && [1/2] Building C object CMakeFiles/cmTC_ee886.dir/CheckForPthreads.c.obj
[2/2] Linking C executable cmTC_ee886
FAILED: cmTC_ee886 
: && /home/marcoscapistrano/.espressif/tools/xtensa-esp32-elf/esp-2021r2-patch3-8.4.0/xtensa-esp32-elf/bin/xtensa-esp32-elf-gcc -fno-strict-aliasing -Werror=implicit-function-declaration -Werror=pointer-arith -mlongcalls -Wno-frame-address   CMakeFiles/cmTC_ee886.dir/CheckForPthreads.c.obj  -o cmTC_ee886  -pthread && :
xtensa-esp32-elf-gcc: error: unrecognized command line option '-pthread'
ninja: build stopped: subcommand failed.



